<?xml version="1.0" encoding="UTF-8"?>
<testsuite xmlns:xsi="http://www.w3.org/2001/XMLSchema-instance" xsi:noNamespaceSchemaLocation="https://maven.apache.org/surefire/maven-surefire-plugin/xsd/surefire-test-report-3.0.xsd" version="3.0" name="XSpace_Regression.MainSuite" time="41.102" tests="30" errors="0" skipped="29" failures="1">
  <properties>
[...]
</properties>
  <testcase name="XSpace_Setup" classname="XSpace_Regression.MainSuite" time="40.552">
    <failure message="Expected condition failed: waiting for element to be clickable: By.xpath: //*[@class=&apos;entry-link&apos;] (tried for 30 second(s) with 500 milliseconds interval)" type="org.openqa.selenium.TimeoutException"><![CDATA[org.openqa.selenium.TimeoutException: Expected condition failed: waiting for element to be clickable: By.xpath: //*[@class='entry-link'] (tried for 30 second(s) with 500 milliseconds interval)
	at XSpace_Regression.MainSuite.XSpace_Setup(MainSuite.java:26)
Caused by: org.openqa.selenium.NoSuchWindowException: 
no such window: target window already closed
from unknown error: web view not found
  (Session info: chrome=117.0.5938.92)
Build info: version: '4.8.3', revision: 'e5e76298c3'
System info: os.name: 'Mac OS X', os.arch: 'x86_64', os.version: '12.5', java.version: '19.0.1'
Driver info: org.openqa.selenium.chrome.ChromeDriver
Command: [cb6fc42f150e9e003b1e7d2d472a39c7, findElement {using=xpath, value=//*[@class='entry-link']}]
Capabilities {acceptInsecureCerts: false, browserName: chrome, browserVersion: 117.0.5938.92, chrome: {chromedriverVersion: 117.0.5938.92 (67649b10b92b..., userDataDir: /var/folders/p3/sbn3p4k130v...}, fedcm:accounts: true, goog:chromeOptions: {debuggerAddress: localhost:62703}, networkConnectionEnabled: false, pageLoadStrategy: normal, platformName: MAC, proxy: Proxy(), se:cdp: ws://localhost:62703/devtoo..., se:cdpVersion: 117.0.5938.92, setWindowRect: true, strictFileInteractability: false, timeouts: {implicit: 0, pageLoad: 300000, script: 30000}, unhandledPromptBehavior: dismiss and notify, webauthn:extension:credBlob: true, webauthn:extension:largeBlob: true, webauthn:extension:minPinLength: true, webauthn:extension:prf: true, webauthn:virtualAuthenticators: true}
Session ID: cb6fc42f150e9e003b1e7d2d472a39c7
	at XSpace_Regression.MainSuite.XSpace_Setup(MainSuite.java:26)
]]></failure>
    <system-out><![CDATA[

Current OS is: mac os x


]]></system-out>
    <system-err><![CDATA[SLF4J: Failed to load class "org.slf4j.impl.StaticLoggerBinder".
SLF4J: Defaulting to no-operation (NOP) logger implementation
SLF4J: See http://www.slf4j.org/codes.html#StaticLoggerBinder for further details.
Starting ChromeDriver 117.0.5938.92 (67649b10b92bb182fba357831ef7dd6a1baa5648-refs/branch-heads/5938_62@{#14}) on port 13656
Only local connections are allowed.
Please see https://chromedriver.chromium.org/security-considerations for suggestions on keeping ChromeDriver safe.
ChromeDriver was started successfully.
Nov 27, 2023 6:31:29 PM org.openqa.selenium.devtools.CdpVersionFinder findNearestMatch
WARNING: Unable to find CDP implementation matching 117
Nov 27, 2023 6:31:29 PM org.openqa.selenium.chromium.ChromiumDriver lambda$new$3
WARNING: Unable to find version of CDP to use for . You may need to include a dependency on a specific version of the CDP using something similar to `org.seleniumhq.selenium:selenium-devtools-v86:4.8.3` where the version ("v86") matches the version of the chromium-based browser you're using and the version number of the artifact is the same as Selenium's.
]]></system-err>
  </testcase>
  <testcase name="clickCustomerCenterIcon" classname="XSpace_Regression.MainSuite" time="0">
    <skipped message="Expected condition failed: waiting for element to be clickable: By.xpath: //*[@class=&apos;entry-link&apos;] (tried for 30 second(s) with 500 milliseconds interval)"/>
  </testcase>
  <testcase name="TakeScreenshot" classname="XSpace_Regression.MainSuite" time="0">
    <skipped/>
  </testcase>
  <testcase name="TakeScreenshot" classname="XSpace_Regression.MainSuite" time="0">
    <skipped/>
  </testcase>
  <testcase name="TakeScreenshot" classname="XSpace_Regression.MainSuite" time="0">
    <skipped/>
  </testcase>
  <testcase name="TakeScreenshot" classname="XSpace_Regression.MainSuite" time="0">
    <skipped/>
  </testcase>
  <testcase name="TakeScreenshot" classname="XSpace_Regression.MainSuite" time="0">
    <skipped/>
  </testcase>
  <testcase name="TakeScreenshot" classname="XSpace_Regression.MainSuite" time="0">
    <skipped/>
  </testcase>
  <testcase name="TakeScreenshot" classname="XSpace_Regression.MainSuite" time="0">
    <skipped/>
  </testcase>
  <testcase name="TakeScreenshot" classname="XSpace_Regression.MainSuite" time="0">
    <skipped/>
  </testcase>
  <testcase name="TakeScreenshot" classname="XSpace_Regression.MainSuite" time="0">
    <skipped/>
  </testcase>
  <testcase name="TakeScreenshot" classname="XSpace_Regression.MainSuite" time="0">
    <skipped/>
  </testcase>
  <testcase name="TakeScreenshot" classname="XSpace_Regression.MainSuite" time="0">
    <skipped/>
  </testcase>
  <testcase name="TakeScreenshot" classname="XSpace_Regression.MainSuite" time="0">
    <skipped/>
  </testcase>
  <testcase name="TakeScreenshot" classname="XSpace_Regression.MainSuite" time="0">
    <skipped/>
  </testcase>
  <testcase name="TakeScreenshot" classname="XSpace_Regression.MainSuite" time="0">
    <skipped/>
  </testcase>
  <testcase name="BuyerSelection" classname="XSpace_Regression.MainSuite" time="0">
    <skipped message="Expected condition failed: waiting for element to be clickable: By.xpath: //*[@class=&apos;entry-link&apos;] (tried for 30 second(s) with 500 milliseconds interval)"/>
  </testcase>
  <testcase name="SelectBuyer" classname="XSpace_Regression.MainSuite" time="0">
    <skipped message="Expected condition failed: waiting for element to be clickable: By.xpath: //*[@class=&apos;entry-link&apos;] (tried for 30 second(s) with 500 milliseconds interval)"/>
  </testcase>
  <testcase name="SearchByEmail" classname="XSpace_Regression.MainSuite" time="0">
    <skipped message="Expected condition failed: waiting for element to be clickable: By.xpath: //*[@class=&apos;entry-link&apos;] (tried for 30 second(s) with 500 milliseconds interval)"/>
  </testcase>
  <testcase name="GetWalletInfo" classname="XSpace_Regression.MainSuite" time="0">
    <skipped message="Expected condition failed: waiting for element to be clickable: By.xpath: //*[@class=&apos;entry-link&apos;] (tried for 30 second(s) with 500 milliseconds interval)"/>
  </testcase>
  <testcase name="SearchbyPhoneNumber" classname="XSpace_Regression.MainSuite" time="0">
    <skipped message="Expected condition failed: waiting for element to be clickable: By.xpath: //*[@class=&apos;entry-link&apos;] (tried for 30 second(s) with 500 milliseconds interval)"/>
  </testcase>
  <testcase name="SearchbyUserID" classname="XSpace_Regression.MainSuite" time="0">
    <skipped message="Expected condition failed: waiting for element to be clickable: By.xpath: //*[@class=&apos;entry-link&apos;] (tried for 30 second(s) with 500 milliseconds interval)"/>
  </testcase>
  <testcase name="SearchbyOrderID" classname="XSpace_Regression.MainSuite" time="0">
    <skipped message="Expected condition failed: waiting for element to be clickable: By.xpath: //*[@class=&apos;entry-link&apos;] (tried for 30 second(s) with 500 milliseconds interval)"/>
  </testcase>
  <testcase name="SearchbyItemID" classname="XSpace_Regression.MainSuite" time="0">
    <skipped message="Expected condition failed: waiting for element to be clickable: By.xpath: //*[@class=&apos;entry-link&apos;] (tried for 30 second(s) with 500 milliseconds interval)"/>
  </testcase>
  <testcase name="SearchSOP" classname="XSpace_Regression.MainSuite" time="0">
    <skipped message="Expected condition failed: waiting for element to be clickable: By.xpath: //*[@class=&apos;entry-link&apos;] (tried for 30 second(s) with 500 milliseconds interval)"/>
  </testcase>
  <testcase name="SearchVoucher" classname="XSpace_Regression.MainSuite" time="0">
    <skipped message="Expected condition failed: waiting for element to be clickable: By.xpath: //*[@class=&apos;entry-link&apos;] (tried for 30 second(s) with 500 milliseconds interval)"/>
  </testcase>
  <testcase name="clickCaseCenterIcon" classname="XSpace_Regression.MainSuite" time="0">
    <skipped message="Expected condition failed: waiting for element to be clickable: By.xpath: //*[@class=&apos;entry-link&apos;] (tried for 30 second(s) with 500 milliseconds interval)"/>
  </testcase>
  <testcase name="C360DarazPluginData" classname="XSpace_Regression.MainSuite" time="0">
    <skipped message="Expected condition failed: waiting for element to be clickable: By.xpath: //*[@class=&apos;entry-link&apos;] (tried for 30 second(s) with 500 milliseconds interval)"/>
  </testcase>
  <testcase name="CreateCase" classname="XSpace_Regression.MainSuite" time="0">
    <skipped message="Expected condition failed: waiting for element to be clickable: By.xpath: //*[@class=&apos;entry-link&apos;] (tried for 30 second(s) with 500 milliseconds interval)"/>
  </testcase>
  <testcase name="Browser_close" classname="XSpace_Regression.MainSuite" time="0">
    <skipped/>
  </testcase>
</testsuite>